2018-09-25 19:54:19,724 WARN  [qtp1409154977-13] org.eclipse.jetty.servlet.ServletHandler - /rest/account/transfer
java.util.IllegalFormatConversionException: d != java.math.BigDecimal
	at java.util.Formatter$FormatSpecifier.failConversion(Formatter.java:4302) ~[na:1.8.0_181]
	at java.util.Formatter$FormatSpecifier.printInteger(Formatter.java:2793) ~[na:1.8.0_181]
	at java.util.Formatter$FormatSpecifier.print(Formatter.java:2747) ~[na:1.8.0_181]
	at java.util.Formatter.format(Formatter.java:2526) ~[na:1.8.0_181]
	at java.util.Formatter.format(Formatter.java:2455) ~[na:1.8.0_181]
	at java.lang.String.format(String.java:2940) ~[na:1.8.0_181]
	at transfer.db.DaoAccountImpl.transferSum(DaoAccountImpl.java:120) ~[main/:na]
	at transfer.service.TransferAccountService.transferSumBetweenAccount(TransferAccountService.java:73) ~[main/:na]
	at sun.reflect.NativeMethodAccessorImpl.invoke0(Native Method) ~[na:1.8.0_181]
	at sun.reflect.NativeMethodAccessorImpl.invoke(NativeMethodAccessorImpl.java:62) ~[na:1.8.0_181]
	at sun.reflect.DelegatingMethodAccessorImpl.invoke(DelegatingMethodAccessorImpl.java:43) ~[na:1.8.0_181]
	at java.lang.reflect.Method.invoke(Method.java:498) ~[na:1.8.0_181]
	at com.sun.jersey.spi.container.JavaMethodInvokerFactory$1.invoke(JavaMethodInvokerFactory.java:60) ~[jersey-server-1.19.4.jar:1.19.4]
	at com.sun.jersey.server.impl.model.method.dispatch.AbstractResourceMethodDispatchProvider$ResponseOutInvoker._dispatch(AbstractResourceMethodDispatchProvider.java:205) ~[jersey-server-1.19.4.jar:1.19.4]
	at com.sun.jersey.server.impl.model.method.dispatch.ResourceJavaMethodDispatcher.dispatch(ResourceJavaMethodDispatcher.java:75) ~[jersey-server-1.19.4.jar:1.19.4]
	at com.sun.jersey.server.impl.uri.rules.HttpMethodRule.accept(HttpMethodRule.java:302) ~[jersey-server-1.19.4.jar:1.19.4]
	at com.sun.jersey.server.impl.uri.rules.RightHandPathRule.accept(RightHandPathRule.java:147) ~[jersey-server-1.19.4.jar:1.19.4]
	at com.sun.jersey.server.impl.uri.rules.ResourceClassRule.accept(ResourceClassRule.java:108) ~[jersey-server-1.19.4.jar:1.19.4]
	at com.sun.jersey.server.impl.uri.rules.RightHandPathRule.accept(RightHandPathRule.java:147) ~[jersey-server-1.19.4.jar:1.19.4]
	at com.sun.jersey.server.impl.uri.rules.RootResourceClassesRule.accept(RootResourceClassesRule.java:84) ~[jersey-server-1.19.4.jar:1.19.4]
	at com.sun.jersey.server.impl.application.WebApplicationImpl._handleRequest(WebApplicationImpl.java:1542) ~[jersey-server-1.19.4.jar:1.19.4]
	at com.sun.jersey.server.impl.application.WebApplicationImpl._handleRequest(WebApplicationImpl.java:1473) ~[jersey-server-1.19.4.jar:1.19.4]
	at com.sun.jersey.server.impl.application.WebApplicationImpl.handleRequest(WebApplicationImpl.java:1419) ~[jersey-server-1.19.4.jar:1.19.4]
	at com.sun.jersey.server.impl.application.WebApplicationImpl.handleRequest(WebApplicationImpl.java:1409) ~[jersey-server-1.19.4.jar:1.19.4]
	at com.sun.jersey.spi.container.servlet.WebComponent.service(WebComponent.java:409) ~[jersey-servlet-1.19.4.jar:1.19.4]
	at com.sun.jersey.spi.container.servlet.ServletContainer.service(ServletContainer.java:558) ~[jersey-servlet-1.19.4.jar:1.19.4]
	at com.sun.jersey.spi.container.servlet.ServletContainer.service(ServletContainer.java:733) ~[jersey-servlet-1.19.4.jar:1.19.4]
	at javax.servlet.http.HttpServlet.service(HttpServlet.java:790) ~[javax.servlet-api-3.1.0.jar:3.1.0]
	at com.google.inject.servlet.ServletDefinition.doService(ServletDefinition.java:263) ~[guice-servlet-3.0.jar:na]
	at com.google.inject.servlet.ServletDefinition.service(ServletDefinition.java:178) ~[guice-servlet-3.0.jar:na]
	at com.google.inject.servlet.ManagedServletPipeline.service(ManagedServletPipeline.java:91) ~[guice-servlet-3.0.jar:na]
	at com.google.inject.servlet.FilterChainInvocation.doFilter(FilterChainInvocation.java:62) ~[guice-servlet-3.0.jar:na]
	at com.google.inject.servlet.ManagedFilterPipeline.dispatch(ManagedFilterPipeline.java:118) ~[guice-servlet-3.0.jar:na]
	at com.google.inject.servlet.GuiceFilter.doFilter(GuiceFilter.java:113) ~[guice-servlet-3.0.jar:na]
	at org.eclipse.jetty.servlet.ServletHandler$CachedChain.doFilter(ServletHandler.java:1652) ~[jetty-servlet-9.2.22.v20170606.jar:9.2.22.v20170606]
	at org.eclipse.jetty.servlet.ServletHandler.doHandle(ServletHandler.java:585) [jetty-servlet-9.2.22.v20170606.jar:9.2.22.v20170606]
	at org.eclipse.jetty.server.handler.ScopedHandler.handle(ScopedHandler.java:143) [jetty-server-9.2.22.v20170606.jar:9.2.22.v20170606]
	at org.eclipse.jetty.security.SecurityHandler.handle(SecurityHandler.java:577) [jetty-security-9.2.22.v20170606.jar:9.2.22.v20170606]
	at org.eclipse.jetty.server.session.SessionHandler.doHandle(SessionHandler.java:223) [jetty-server-9.2.22.v20170606.jar:9.2.22.v20170606]
	at org.eclipse.jetty.server.handler.ContextHandler.doHandle(ContextHandler.java:1127) [jetty-server-9.2.22.v20170606.jar:9.2.22.v20170606]
	at org.eclipse.jetty.servlet.ServletHandler.doScope(ServletHandler.java:515) [jetty-servlet-9.2.22.v20170606.jar:9.2.22.v20170606]
	at org.eclipse.jetty.server.session.SessionHandler.doScope(SessionHandler.java:185) [jetty-server-9.2.22.v20170606.jar:9.2.22.v20170606]
	at org.eclipse.jetty.server.handler.ContextHandler.doScope(ContextHandler.java:1061) [jetty-server-9.2.22.v20170606.jar:9.2.22.v20170606]
	at org.eclipse.jetty.server.handler.ScopedHandler.handle(ScopedHandler.java:141) [jetty-server-9.2.22.v20170606.jar:9.2.22.v20170606]
	at org.eclipse.jetty.server.handler.ContextHandlerCollection.handle(ContextHandlerCollection.java:215) [jetty-server-9.2.22.v20170606.jar:9.2.22.v20170606]
	at org.eclipse.jetty.server.handler.HandlerWrapper.handle(HandlerWrapper.java:97) [jetty-server-9.2.22.v20170606.jar:9.2.22.v20170606]
	at org.eclipse.jetty.server.Server.handle(Server.java:499) [jetty-server-9.2.22.v20170606.jar:9.2.22.v20170606]
	at org.eclipse.jetty.server.HttpChannel.handle(HttpChannel.java:311) [jetty-server-9.2.22.v20170606.jar:9.2.22.v20170606]
	at org.eclipse.jetty.server.HttpConnection.onFillable(HttpConnection.java:258) [jetty-server-9.2.22.v20170606.jar:9.2.22.v20170606]
	at org.eclipse.jetty.io.AbstractConnection$2.run(AbstractConnection.java:544) [jetty-io-9.2.22.v20170606.jar:9.2.22.v20170606]
	at org.eclipse.jetty.util.thread.QueuedThreadPool.runJob(QueuedThreadPool.java:635) [jetty-util-9.2.22.v20170606.jar:9.2.22.v20170606]
	at org.eclipse.jetty.util.thread.QueuedThreadPool$3.run(QueuedThreadPool.java:555) [jetty-util-9.2.22.v20170606.jar:9.2.22.v20170606]
	at java.lang.Thread.run(Thread.java:748) [na:1.8.0_181]
