2018-09-25 18:54:38,201 INFO  [main] org.eclipse.jetty.util.log - Logging initialized @1350ms
2018-09-25 18:54:38,675 INFO  [main] org.eclipse.jetty.server.Server - jetty-9.2.22.v20170606
2018-09-25 18:54:48,465 INFO  [main] org.eclipse.jetty.server.handler.ContextHandler - Started o.a.g.JettyWebAppContext@7b50df34{/,file:/C:/javadev/javadev/transfer/build/inplaceWebapp/,AVAILABLE}
2018-09-25 18:54:48,489 INFO  [main] org.eclipse.jetty.server.ServerConnector - Started ServerConnector@446c3920{HTTP/1.1}{0.0.0.0:8084}
2018-09-25 18:54:48,490 INFO  [main] org.eclipse.jetty.server.Server - Started @11644ms
2018-09-25 18:54:48,507 INFO  [main] org.akhikhl.gretty.JettyServerStartInfo - Jetty 9.2.22.v20170606 started and listening on port 8084
2018-09-25 18:54:48,541 INFO  [main] org.akhikhl.gretty.JettyServerStartInfo -  runs at:
2018-09-25 18:54:48,553 INFO  [main] org.akhikhl.gretty.JettyServerStartInfo -   http://localhost:8084/
2018-09-25 18:59:26,311 INFO  [main] org.eclipse.jetty.util.log - Logging initialized @2492ms
2018-09-25 18:59:26,823 INFO  [main] org.eclipse.jetty.server.Server - jetty-9.2.22.v20170606
2018-09-25 18:59:37,226 INFO  [main] org.eclipse.jetty.server.handler.ContextHandler - Started o.a.g.JettyWebAppContext@7b50df34{/,file:/C:/javadev/javadev/transfer/build/inplaceWebapp/,AVAILABLE}
2018-09-25 18:59:37,249 INFO  [main] org.eclipse.jetty.server.ServerConnector - Started ServerConnector@552ed807{HTTP/1.1}{0.0.0.0:8084}
2018-09-25 18:59:37,250 INFO  [main] org.eclipse.jetty.server.Server - Started @13435ms
2018-09-25 18:59:37,263 INFO  [main] org.akhikhl.gretty.JettyServerStartInfo - Jetty 9.2.22.v20170606 started and listening on port 8084
2018-09-25 18:59:37,292 INFO  [main] org.akhikhl.gretty.JettyServerStartInfo -  runs at:
2018-09-25 18:59:37,293 INFO  [main] org.akhikhl.gretty.JettyServerStartInfo -   http://localhost:8084/
2018-09-25 19:02:14,216 INFO  [main] org.eclipse.jetty.util.log - Logging initialized @1477ms
2018-09-25 19:02:14,754 INFO  [main] org.eclipse.jetty.server.Server - jetty-9.2.22.v20170606
2018-09-25 19:02:24,497 INFO  [main] org.eclipse.jetty.server.handler.ContextHandler - Started o.a.g.JettyWebAppContext@7b50df34{/,file:/C:/javadev/javadev/transfer/build/inplaceWebapp/,AVAILABLE}
2018-09-25 19:02:24,519 INFO  [main] org.eclipse.jetty.server.ServerConnector - Started ServerConnector@552ed807{HTTP/1.1}{0.0.0.0:8084}
2018-09-25 19:02:24,522 INFO  [main] org.eclipse.jetty.server.Server - Started @11787ms
2018-09-25 19:02:24,536 INFO  [main] org.akhikhl.gretty.JettyServerStartInfo - Jetty 9.2.22.v20170606 started and listening on port 8084
2018-09-25 19:02:24,578 INFO  [main] org.akhikhl.gretty.JettyServerStartInfo -  runs at:
2018-09-25 19:02:24,588 INFO  [main] org.akhikhl.gretty.JettyServerStartInfo -   http://localhost:8084/
2018-09-25 19:11:17,601 INFO  [main] org.eclipse.jetty.util.log - Logging initialized @1377ms
2018-09-25 19:11:18,091 INFO  [main] org.eclipse.jetty.server.Server - jetty-9.2.22.v20170606
2018-09-25 19:11:28,282 INFO  [main] org.eclipse.jetty.server.handler.ContextHandler - Started o.a.g.JettyWebAppContext@7b50df34{/,file:/C:/javadev/javadev/transfer/build/inplaceWebapp/,AVAILABLE}
2018-09-25 19:11:28,858 INFO  [main] org.eclipse.jetty.server.ServerConnector - Started ServerConnector@55ec556{HTTP/1.1}{0.0.0.0:8084}
2018-09-25 19:11:28,858 INFO  [main] org.eclipse.jetty.server.Server - Started @12639ms
2018-09-25 19:11:28,867 INFO  [main] org.akhikhl.gretty.JettyServerStartInfo - Jetty 9.2.22.v20170606 started and listening on port 8084
2018-09-25 19:11:28,910 INFO  [main] org.akhikhl.gretty.JettyServerStartInfo -  runs at:
2018-09-25 19:11:28,913 INFO  [main] org.akhikhl.gretty.JettyServerStartInfo -   http://localhost:8084/
2018-09-25 19:13:19,706 INFO  [main] org.eclipse.jetty.util.log - Logging initialized @1633ms
2018-09-25 19:13:20,167 INFO  [main] org.eclipse.jetty.server.Server - jetty-9.2.22.v20170606
2018-09-25 19:13:30,013 INFO  [main] org.eclipse.jetty.server.handler.ContextHandler - Started o.a.g.JettyWebAppContext@7b50df34{/,file:/C:/javadev/javadev/transfer/build/inplaceWebapp/,AVAILABLE}
2018-09-25 19:13:30,042 INFO  [main] org.eclipse.jetty.server.ServerConnector - Started ServerConnector@31e04b13{HTTP/1.1}{0.0.0.0:8084}
2018-09-25 19:13:30,043 INFO  [main] org.eclipse.jetty.server.Server - Started @11973ms
2018-09-25 19:13:30,062 INFO  [main] org.akhikhl.gretty.JettyServerStartInfo - Jetty 9.2.22.v20170606 started and listening on port 8084
2018-09-25 19:13:30,127 INFO  [main] org.akhikhl.gretty.JettyServerStartInfo -  runs at:
2018-09-25 19:13:30,144 INFO  [main] org.akhikhl.gretty.JettyServerStartInfo -   http://localhost:8084/
2018-09-25 19:32:56,242 INFO  [main] org.eclipse.jetty.util.log - Logging initialized @1533ms
2018-09-25 19:32:56,754 INFO  [main] org.eclipse.jetty.server.Server - jetty-9.2.22.v20170606
2018-09-25 19:33:06,517 INFO  [main] org.eclipse.jetty.server.handler.ContextHandler - Started o.a.g.JettyWebAppContext@7b50df34{/,file:/C:/javadev/javadev/transfer/build/inplaceWebapp/,AVAILABLE}
2018-09-25 19:33:06,553 INFO  [main] org.eclipse.jetty.server.ServerConnector - Started ServerConnector@2eaef76d{HTTP/1.1}{0.0.0.0:8084}
2018-09-25 19:33:06,553 INFO  [main] org.eclipse.jetty.server.Server - Started @11848ms
2018-09-25 19:33:06,571 INFO  [main] org.akhikhl.gretty.JettyServerStartInfo - Jetty 9.2.22.v20170606 started and listening on port 8084
2018-09-25 19:33:06,621 INFO  [main] org.akhikhl.gretty.JettyServerStartInfo -  runs at:
2018-09-25 19:33:06,622 INFO  [main] org.akhikhl.gretty.JettyServerStartInfo -   http://localhost:8084/
2018-09-25 19:35:34,549 INFO  [main] org.eclipse.jetty.server.ServerConnector - Stopped ServerConnector@2eaef76d{HTTP/1.1}{0.0.0.0:8084}
2018-09-25 19:35:34,586 INFO  [main] org.eclipse.jetty.server.handler.ContextHandler - Stopped o.a.g.JettyWebAppContext@7b50df34{/,file:/C:/javadev/javadev/transfer/build/inplaceWebapp/,UNAVAILABLE}
2018-09-25 19:35:34,629 INFO  [main] org.eclipse.jetty.server.Server - jetty-9.2.22.v20170606
2018-09-25 19:35:37,913 INFO  [main] org.eclipse.jetty.server.handler.ContextHandler - Started o.a.g.JettyWebAppContext@514cd540{/,file:/C:/javadev/javadev/transfer/build/inplaceWebapp/,AVAILABLE}
2018-09-25 19:35:37,917 INFO  [main] org.eclipse.jetty.server.ServerConnector - Started ServerConnector@5cff6b74{HTTP/1.1}{0.0.0.0:8084}
2018-09-25 19:35:37,917 INFO  [main] org.eclipse.jetty.server.Server - Started @163207ms
2018-09-25 19:35:37,918 INFO  [main] org.akhikhl.gretty.JettyServerStartInfo - Jetty 9.2.22.v20170606 started and listening on port 8084
2018-09-25 19:35:37,920 INFO  [main] org.akhikhl.gretty.JettyServerStartInfo -  runs at:
2018-09-25 19:35:37,921 INFO  [main] org.akhikhl.gretty.JettyServerStartInfo -   http://localhost:8084/
2018-09-25 19:35:52,174 INFO  [main] org.eclipse.jetty.server.ServerConnector - Stopped ServerConnector@5cff6b74{HTTP/1.1}{0.0.0.0:8084}
2018-09-25 19:35:52,176 INFO  [main] org.eclipse.jetty.server.handler.ContextHandler - Stopped o.a.g.JettyWebAppContext@514cd540{/,file:/C:/javadev/javadev/transfer/build/inplaceWebapp/,UNAVAILABLE}
2018-09-25 19:35:52,187 INFO  [main] org.eclipse.jetty.server.Server - jetty-9.2.22.v20170606
2018-09-25 19:35:54,821 INFO  [main] org.eclipse.jetty.server.handler.ContextHandler - Started o.a.g.JettyWebAppContext@73afe2b7{/,file:/C:/javadev/javadev/transfer/build/inplaceWebapp/,AVAILABLE}
2018-09-25 19:35:54,824 INFO  [main] org.eclipse.jetty.server.ServerConnector - Started ServerConnector@6903ed0e{HTTP/1.1}{0.0.0.0:8084}
2018-09-25 19:35:54,825 INFO  [main] org.eclipse.jetty.server.Server - Started @180114ms
2018-09-25 19:35:54,825 INFO  [main] org.akhikhl.gretty.JettyServerStartInfo - Jetty 9.2.22.v20170606 started and listening on port 8084
2018-09-25 19:35:54,829 INFO  [main] org.akhikhl.gretty.JettyServerStartInfo -  runs at:
2018-09-25 19:35:54,829 INFO  [main] org.akhikhl.gretty.JettyServerStartInfo -   http://localhost:8084/
2018-09-25 19:53:39,645 INFO  [main] org.eclipse.jetty.util.log - Logging initialized @1665ms
2018-09-25 19:53:40,152 INFO  [main] org.eclipse.jetty.server.Server - jetty-9.2.22.v20170606
2018-09-25 19:53:50,107 INFO  [main] org.eclipse.jetty.server.handler.ContextHandler - Started o.a.g.JettyWebAppContext@7b50df34{/,file:/C:/javadev/javadev/transfer/build/inplaceWebapp/,AVAILABLE}
2018-09-25 19:53:50,130 INFO  [main] org.eclipse.jetty.server.ServerConnector - Started ServerConnector@2eaef76d{HTTP/1.1}{0.0.0.0:8084}
2018-09-25 19:53:50,131 INFO  [main] org.eclipse.jetty.server.Server - Started @12157ms
2018-09-25 19:53:50,139 INFO  [main] org.akhikhl.gretty.JettyServerStartInfo - Jetty 9.2.22.v20170606 started and listening on port 8084
2018-09-25 19:53:50,169 INFO  [main] org.akhikhl.gretty.JettyServerStartInfo -  runs at:
2018-09-25 19:53:50,175 INFO  [main] org.akhikhl.gretty.JettyServerStartInfo -   http://localhost:8084/
2018-09-25 19:54:19,724 WARN  [qtp1409154977-13] org.eclipse.jetty.servlet.ServletHandler - /rest/account/transfer
java.util.IllegalFormatConversionException: d != java.math.BigDecimal
	at java.util.Formatter$FormatSpecifier.failConversion(Formatter.java:4302) ~[na:1.8.0_181]
	at java.util.Formatter$FormatSpecifier.printInteger(Formatter.java:2793) ~[na:1.8.0_181]
	at java.util.Formatter$FormatSpecifier.print(Formatter.java:2747) ~[na:1.8.0_181]
	at java.util.Formatter.format(Formatter.java:2526) ~[na:1.8.0_181]
	at java.util.Formatter.format(Formatter.java:2455) ~[na:1.8.0_181]
	at java.lang.String.format(String.java:2940) ~[na:1.8.0_181]
	at transfer.db.DaoAccountImpl.transferSum(DaoAccountImpl.java:120) ~[main/:na]
	at transfer.service.TransferAccountService.transferSumBetweenAccount(TransferAccountService.java:73) ~[main/:na]
	at sun.reflect.NativeMethodAccessorImpl.invoke0(Native Method) ~[na:1.8.0_181]
	at sun.reflect.NativeMethodAccessorImpl.invoke(NativeMethodAccessorImpl.java:62) ~[na:1.8.0_181]
	at sun.reflect.DelegatingMethodAccessorImpl.invoke(DelegatingMethodAccessorImpl.java:43) ~[na:1.8.0_181]
	at java.lang.reflect.Method.invoke(Method.java:498) ~[na:1.8.0_181]
	at com.sun.jersey.spi.container.JavaMethodInvokerFactory$1.invoke(JavaMethodInvokerFactory.java:60) ~[jersey-server-1.19.4.jar:1.19.4]
	at com.sun.jersey.server.impl.model.method.dispatch.AbstractResourceMethodDispatchProvider$ResponseOutInvoker._dispatch(AbstractResourceMethodDispatchProvider.java:205) ~[jersey-server-1.19.4.jar:1.19.4]
	at com.sun.jersey.server.impl.model.method.dispatch.ResourceJavaMethodDispatcher.dispatch(ResourceJavaMethodDispatcher.java:75) ~[jersey-server-1.19.4.jar:1.19.4]
	at com.sun.jersey.server.impl.uri.rules.HttpMethodRule.accept(HttpMethodRule.java:302) ~[jersey-server-1.19.4.jar:1.19.4]
	at com.sun.jersey.server.impl.uri.rules.RightHandPathRule.accept(RightHandPathRule.java:147) ~[jersey-server-1.19.4.jar:1.19.4]
	at com.sun.jersey.server.impl.uri.rules.ResourceClassRule.accept(ResourceClassRule.java:108) ~[jersey-server-1.19.4.jar:1.19.4]
	at com.sun.jersey.server.impl.uri.rules.RightHandPathRule.accept(RightHandPathRule.java:147) ~[jersey-server-1.19.4.jar:1.19.4]
	at com.sun.jersey.server.impl.uri.rules.RootResourceClassesRule.accept(RootResourceClassesRule.java:84) ~[jersey-server-1.19.4.jar:1.19.4]
	at com.sun.jersey.server.impl.application.WebApplicationImpl._handleRequest(WebApplicationImpl.java:1542) ~[jersey-server-1.19.4.jar:1.19.4]
	at com.sun.jersey.server.impl.application.WebApplicationImpl._handleRequest(WebApplicationImpl.java:1473) ~[jersey-server-1.19.4.jar:1.19.4]
	at com.sun.jersey.server.impl.application.WebApplicationImpl.handleRequest(WebApplicationImpl.java:1419) ~[jersey-server-1.19.4.jar:1.19.4]
	at com.sun.jersey.server.impl.application.WebApplicationImpl.handleRequest(WebApplicationImpl.java:1409) ~[jersey-server-1.19.4.jar:1.19.4]
	at com.sun.jersey.spi.container.servlet.WebComponent.service(WebComponent.java:409) ~[jersey-servlet-1.19.4.jar:1.19.4]
	at com.sun.jersey.spi.container.servlet.ServletContainer.service(ServletContainer.java:558) ~[jersey-servlet-1.19.4.jar:1.19.4]
	at com.sun.jersey.spi.container.servlet.ServletContainer.service(ServletContainer.java:733) ~[jersey-servlet-1.19.4.jar:1.19.4]
	at javax.servlet.http.HttpServlet.service(HttpServlet.java:790) ~[javax.servlet-api-3.1.0.jar:3.1.0]
	at com.google.inject.servlet.ServletDefinition.doService(ServletDefinition.java:263) ~[guice-servlet-3.0.jar:na]
	at com.google.inject.servlet.ServletDefinition.service(ServletDefinition.java:178) ~[guice-servlet-3.0.jar:na]
	at com.google.inject.servlet.ManagedServletPipeline.service(ManagedServletPipeline.java:91) ~[guice-servlet-3.0.jar:na]
	at com.google.inject.servlet.FilterChainInvocation.doFilter(FilterChainInvocation.java:62) ~[guice-servlet-3.0.jar:na]
	at com.google.inject.servlet.ManagedFilterPipeline.dispatch(ManagedFilterPipeline.java:118) ~[guice-servlet-3.0.jar:na]
	at com.google.inject.servlet.GuiceFilter.doFilter(GuiceFilter.java:113) ~[guice-servlet-3.0.jar:na]
	at org.eclipse.jetty.servlet.ServletHandler$CachedChain.doFilter(ServletHandler.java:1652) ~[jetty-servlet-9.2.22.v20170606.jar:9.2.22.v20170606]
	at org.eclipse.jetty.servlet.ServletHandler.doHandle(ServletHandler.java:585) [jetty-servlet-9.2.22.v20170606.jar:9.2.22.v20170606]
	at org.eclipse.jetty.server.handler.ScopedHandler.handle(ScopedHandler.java:143) [jetty-server-9.2.22.v20170606.jar:9.2.22.v20170606]
	at org.eclipse.jetty.security.SecurityHandler.handle(SecurityHandler.java:577) [jetty-security-9.2.22.v20170606.jar:9.2.22.v20170606]
	at org.eclipse.jetty.server.session.SessionHandler.doHandle(SessionHandler.java:223) [jetty-server-9.2.22.v20170606.jar:9.2.22.v20170606]
	at org.eclipse.jetty.server.handler.ContextHandler.doHandle(ContextHandler.java:1127) [jetty-server-9.2.22.v20170606.jar:9.2.22.v20170606]
	at org.eclipse.jetty.servlet.ServletHandler.doScope(ServletHandler.java:515) [jetty-servlet-9.2.22.v20170606.jar:9.2.22.v20170606]
	at org.eclipse.jetty.server.session.SessionHandler.doScope(SessionHandler.java:185) [jetty-server-9.2.22.v20170606.jar:9.2.22.v20170606]
	at org.eclipse.jetty.server.handler.ContextHandler.doScope(ContextHandler.java:1061) [jetty-server-9.2.22.v20170606.jar:9.2.22.v20170606]
	at org.eclipse.jetty.server.handler.ScopedHandler.handle(ScopedHandler.java:141) [jetty-server-9.2.22.v20170606.jar:9.2.22.v20170606]
	at org.eclipse.jetty.server.handler.ContextHandlerCollection.handle(ContextHandlerCollection.java:215) [jetty-server-9.2.22.v20170606.jar:9.2.22.v20170606]
	at org.eclipse.jetty.server.handler.HandlerWrapper.handle(HandlerWrapper.java:97) [jetty-server-9.2.22.v20170606.jar:9.2.22.v20170606]
	at org.eclipse.jetty.server.Server.handle(Server.java:499) [jetty-server-9.2.22.v20170606.jar:9.2.22.v20170606]
	at org.eclipse.jetty.server.HttpChannel.handle(HttpChannel.java:311) [jetty-server-9.2.22.v20170606.jar:9.2.22.v20170606]
	at org.eclipse.jetty.server.HttpConnection.onFillable(HttpConnection.java:258) [jetty-server-9.2.22.v20170606.jar:9.2.22.v20170606]
	at org.eclipse.jetty.io.AbstractConnection$2.run(AbstractConnection.java:544) [jetty-io-9.2.22.v20170606.jar:9.2.22.v20170606]
	at org.eclipse.jetty.util.thread.QueuedThreadPool.runJob(QueuedThreadPool.java:635) [jetty-util-9.2.22.v20170606.jar:9.2.22.v20170606]
	at org.eclipse.jetty.util.thread.QueuedThreadPool$3.run(QueuedThreadPool.java:555) [jetty-util-9.2.22.v20170606.jar:9.2.22.v20170606]
	at java.lang.Thread.run(Thread.java:748) [na:1.8.0_181]
2018-09-25 19:56:21,156 INFO  [main] org.eclipse.jetty.util.log - Logging initialized @1345ms
2018-09-25 19:56:21,628 INFO  [main] org.eclipse.jetty.server.Server - jetty-9.2.22.v20170606
2018-09-25 19:56:38,831 INFO  [main] org.eclipse.jetty.util.log - Logging initialized @1280ms
2018-09-25 19:56:39,372 INFO  [main] org.eclipse.jetty.server.Server - jetty-9.2.22.v20170606
2018-09-25 19:56:49,099 INFO  [main] org.eclipse.jetty.server.handler.ContextHandler - Started o.a.g.JettyWebAppContext@7b50df34{/,file:/C:/javadev/javadev/transfer/build/inplaceWebapp/,AVAILABLE}
2018-09-25 19:56:49,123 INFO  [main] org.eclipse.jetty.server.ServerConnector - Started ServerConnector@7f92b990{HTTP/1.1}{0.0.0.0:8084}
2018-09-25 19:56:49,124 INFO  [main] org.eclipse.jetty.server.Server - Started @11578ms
2018-09-25 19:56:49,137 INFO  [main] org.akhikhl.gretty.JettyServerStartInfo - Jetty 9.2.22.v20170606 started and listening on port 8084
2018-09-25 19:56:49,178 INFO  [main] org.akhikhl.gretty.JettyServerStartInfo -  runs at:
2018-09-25 19:56:49,182 INFO  [main] org.akhikhl.gretty.JettyServerStartInfo -   http://localhost:8084/
2018-09-25 19:58:58,610 INFO  [main] org.eclipse.jetty.server.ServerConnector - Stopped ServerConnector@7f92b990{HTTP/1.1}{0.0.0.0:8084}
2018-09-25 19:58:58,623 INFO  [main] org.eclipse.jetty.server.handler.ContextHandler - Stopped o.a.g.JettyWebAppContext@7b50df34{/,file:/C:/javadev/javadev/transfer/build/inplaceWebapp/,UNAVAILABLE}
2018-09-25 19:58:58,655 INFO  [main] org.eclipse.jetty.server.Server - jetty-9.2.22.v20170606
2018-09-25 19:59:01,953 INFO  [main] org.eclipse.jetty.server.handler.ContextHandler - Started o.a.g.JettyWebAppContext@118102ee{/,file:/C:/javadev/javadev/transfer/build/inplaceWebapp/,AVAILABLE}
2018-09-25 19:59:01,956 INFO  [main] org.eclipse.jetty.server.ServerConnector - Started ServerConnector@52ea0269{HTTP/1.1}{0.0.0.0:8084}
2018-09-25 19:59:01,957 INFO  [main] org.eclipse.jetty.server.Server - Started @144408ms
2018-09-25 19:59:01,957 INFO  [main] org.akhikhl.gretty.JettyServerStartInfo - Jetty 9.2.22.v20170606 started and listening on port 8084
2018-09-25 19:59:01,959 INFO  [main] org.akhikhl.gretty.JettyServerStartInfo -  runs at:
2018-09-25 19:59:01,960 INFO  [main] org.akhikhl.gretty.JettyServerStartInfo -   http://localhost:8084/
2018-09-25 20:01:15,626 INFO  [main] org.eclipse.jetty.util.log - Logging initialized @1699ms
2018-09-25 20:01:16,152 INFO  [main] org.eclipse.jetty.server.Server - jetty-9.2.22.v20170606
2018-09-25 20:01:26,257 INFO  [main] org.eclipse.jetty.server.handler.ContextHandler - Started o.a.g.JettyWebAppContext@7b50df34{/,file:/C:/javadev/javadev/transfer/build/inplaceWebapp/,AVAILABLE}
2018-09-25 20:01:26,283 INFO  [main] org.eclipse.jetty.server.ServerConnector - Started ServerConnector@57f593b{HTTP/1.1}{0.0.0.0:8084}
2018-09-25 20:01:26,288 INFO  [main] org.eclipse.jetty.server.Server - Started @12366ms
2018-09-25 20:01:26,299 INFO  [main] org.akhikhl.gretty.JettyServerStartInfo - Jetty 9.2.22.v20170606 started and listening on port 8084
2018-09-25 20:01:26,349 INFO  [main] org.akhikhl.gretty.JettyServerStartInfo -  runs at:
2018-09-25 20:01:26,351 INFO  [main] org.akhikhl.gretty.JettyServerStartInfo -   http://localhost:8084/
